[debug] [2024-04-03T10:59:33.281Z] ----------------------------------------------------------------------
[debug] [2024-04-03T10:59:33.283Z] Command:       C:\Program Files\nodejs\node.exe C:\Users\rdube\AppData\Roaming\npm\node_modules\firebase-tools\lib\bin\firebase.js init hosting
[debug] [2024-04-03T10:59:33.283Z] CLI Version:   13.6.1
[debug] [2024-04-03T10:59:33.284Z] Platform:      win32
[debug] [2024-04-03T10:59:33.284Z] Node Version:  v20.11.1
[debug] [2024-04-03T10:59:33.284Z] Time:          Wed Apr 03 2024 16:29:33 GMT+0530 (India Standard Time)
[debug] [2024-04-03T10:59:33.284Z] ----------------------------------------------------------------------
[debug] 
[debug] [2024-04-03T10:59:33.289Z] > command requires scopes: ["email","openid","https://www.googleapis.com/auth/cloudplatformprojects.readonly","https://www.googleapis.com/auth/firebase","https://www.googleapis.com/auth/cloud-platform"]
[debug] [2024-04-03T10:59:33.289Z] > authorizing via signed-in user (raghavajaydubey@gmail.com)
[info] 
     ######## #### ########  ######## ########     ###     ######  ########
     ##        ##  ##     ## ##       ##     ##  ##   ##  ##       ##
     ######    ##  ########  ######   ########  #########  ######  ######
     ##        ##  ##    ##  ##       ##     ## ##     ##       ## ##
     ##       #### ##     ## ######## ########  ##     ##  ######  ########

You're about to initialize a Firebase project in this directory:

  C:\Users\rdube\OneDrive\Desktop\admin

[info] 
=== Project Setup
[info] 
[info] First, let's associate this project directory with a Firebase project.
[info] You can create multiple project aliases by running firebase use --add, 
[info] but for now we'll just set up a default project.
[info] 
[info] i  If you want to create a project in a Google Cloud organization or folder, please use "firebase projects:create" instead, and return to this command when you've created the project. 
[debug] [2024-04-03T10:59:51.641Z] >>> [apiv2][query] POST https://cloudresourcemanager.googleapis.com/v1/projects [none]
[debug] [2024-04-03T10:59:51.641Z] >>> [apiv2][body] POST https://cloudresourcemanager.googleapis.com/v1/projects {"projectId":"1234567","name":"1234567"}
[debug] [2024-04-03T10:59:53.488Z] <<< [apiv2][status] POST https://cloudresourcemanager.googleapis.com/v1/projects 400
[debug] [2024-04-03T10:59:53.488Z] <<< [apiv2][body] POST https://cloudresourcemanager.googleapis.com/v1/projects {"error":{"code":400,"message":"field [project_id] has issue [project_id contains invalid characters]","status":"INVALID_ARGUMENT","details":[{"@type":"type.googleapis.com/google.rpc.BadRequest","fieldViolations":[{"field":"project_id","description":"project_id contains invalid characters"}]},{"@type":"type.googleapis.com/google.rpc.Help","links":[{"url":"https://cloud.google.com/resource-manager/reference/rest/v1/projects"}]}]}}
[debug] [2024-04-03T10:59:53.949Z] FirebaseError: HTTP Error: 400, field [project_id] has issue [project_id contains invalid characters]
    at responseToError (C:\Users\rdube\AppData\Roaming\npm\node_modules\firebase-tools\lib\responseToError.js:49:12)
    at RetryOperation._fn (C:\Users\rdube\AppData\Roaming\npm\node_modules\firebase-tools\lib\apiv2.js:299:77)
    at process.processTicksAndRejections (node:internal/process/task_queues:95:5)
[error] 
[error] Error: Failed to create project. See firebase-debug.log for more info.
[debug] [2024-04-03T11:00:03.454Z] ----------------------------------------------------------------------
[debug] [2024-04-03T11:00:03.457Z] Command:       C:\Program Files\nodejs\node.exe C:\Users\rdube\AppData\Roaming\npm\node_modules\firebase-tools\lib\bin\firebase.js init hosting
[debug] [2024-04-03T11:00:03.457Z] CLI Version:   13.6.1
[debug] [2024-04-03T11:00:03.457Z] Platform:      win32
[debug] [2024-04-03T11:00:03.457Z] Node Version:  v20.11.1
[debug] [2024-04-03T11:00:03.457Z] Time:          Wed Apr 03 2024 16:30:03 GMT+0530 (India Standard Time)
[debug] [2024-04-03T11:00:03.457Z] ----------------------------------------------------------------------
[debug] 
[debug] [2024-04-03T11:00:03.462Z] > command requires scopes: ["email","openid","https://www.googleapis.com/auth/cloudplatformprojects.readonly","https://www.googleapis.com/auth/firebase","https://www.googleapis.com/auth/cloud-platform"]
[debug] [2024-04-03T11:00:03.463Z] > authorizing via signed-in user (raghavajaydubey@gmail.com)
[info] 
     ######## #### ########  ######## ########     ###     ######  ########
     ##        ##  ##     ## ##       ##     ##  ##   ##  ##       ##
     ######    ##  ########  ######   ########  #########  ######  ######
     ##        ##  ##    ##  ##       ##     ## ##     ##       ## ##
     ##       #### ##     ## ######## ########  ##     ##  ######  ########

You're about to initialize a Firebase project in this directory:

  C:\Users\rdube\OneDrive\Desktop\admin

